5.2s 1 /kaggle/input/disease-prediction-using-machine-learning/Training.csv
5.2s 2 /kaggle/input/disease-prediction-using-machine-learning/Testing.csv
30.8s 3 /opt/conda/lib/python3.10/site-packages/seaborn/_oldcore.py:1119: FutureWarning: use_inf_as_na option is deprecated and will be removed in a future version. Convert inf values to NaN before operating instead.
30.8s 4 with pd.option_context('mode.use_inf_as_na', True):
38.3s 5 1.0
39.2s 6 0.9761904761904762
40.0s 7 prognosis  predicted
40.0s 8 0          15         15
40.0s 9 1           4          4
40.0s 10 2          16         16
40.0s 11 3           9          9
40.0s 12 4          14         14
40.0s 13 5          33         33
40.0s 14 6           1          1
40.0s 15 7          12         12
40.0s 16 8          17         17
40.0s 17 9           6          6
40.0s 18 10         23         23
40.0s 19 11         30         30
40.0s 20 12          7          7
40.0s 21 13         32         32
40.0s 22 14         28         28
40.0s 23 15         29         29
40.0s 24 16          8          8
40.0s 25 17         11         11
40.0s 26 18         37         37
40.0s 27 19         40         40
40.0s 28 20         19         19
40.0s 29 21         20         20
40.0s 30 22         21         21
40.0s 31 23         22         22
40.0s 32 24          3          3
40.0s 33 25         36         36
40.0s 34 26         10         10
40.0s 35 27         34         34
40.0s 36 28         13         13
40.0s 37 29         18         18
40.0s 38 30         39         39
40.0s 39 31         26         26
40.0s 40 32         24         24
40.0s 41 33         25         25
40.0s 42 34         31         31
40.0s 43 35          5          5
40.0s 44 36          0          0
40.0s 45 37          2          2
40.0s 46 38         38         38
40.0s 47 39         35         35
40.0s 48 40         27         27
40.0s 49 41         15          8
40.9s 50 1.0
41.5s 51 0.9761904761904762
43.0s 52 1.0
43.3s 53 0.9761904761904762
47.3s 54 /opt/conda/lib/python3.10/site-packages/traitlets/traitlets.py:2930: FutureWarning: --Exporter.preprocessors=["remove_papermill_header.RemovePapermillHeader"] for containers is deprecated in traitlets 5.0. You can pass `--Exporter.preprocessors item` ... multiple times to add items to a list.
47.3s 55 warn(
47.3s 56 [NbConvertApp] WARNING | Config option `kernel_spec_manager_class` not recognized by `NbConvertApp`.
47.3s 57 [NbConvertApp] Converting notebook __notebook__.ipynb to notebook
47.9s 58 [NbConvertApp] Writing 2770014 bytes to __notebook__.ipynb
49.5s 59 /opt/conda/lib/python3.10/site-packages/traitlets/traitlets.py:2930: FutureWarning: --Exporter.preprocessors=["nbconvert.preprocessors.ExtractOutputPreprocessor"] for containers is deprecated in traitlets 5.0. You can pass `--Exporter.preprocessors item` ... multiple times to add items to a list.
49.5s 60 warn(
49.6s 61 [NbConvertApp] WARNING | Config option `kernel_spec_manager_class` not recognized by `NbConvertApp`.
49.6s 62 [NbConvertApp] Converting notebook __notebook__.ipynb to html
50.8s 63 [NbConvertApp] Support files will be in __results___files/
50.8s 64 [NbConvertApp] Making directory __results___files
50.8s 65 [NbConvertApp] Making directory __results___files
50.8s 66 [NbConvertApp] Making directory __results___files
50.8s 67 [NbConvertApp] Making directory __results___files
50.8s 68 [NbConvertApp] Making directory __results___files
50.8s 69 [NbConvertApp] Making directory __results___files
50.8s 70 [NbConvertApp] Making directory __results___files
50.8s 71 [NbConvertApp] Making directory __results___files
50.8s 72 [NbConvertApp] Making directory __results___files
50.8s 73 [NbConvertApp] Making directory __results___files
50.8s 74 [NbConvertApp] Making directory __results___files
50.8s 75 [NbConvertApp] Making directory __results___files
50.8s 76 [NbConvertApp] Making directory __results___files
50.8s 77 [NbConvertApp] Making directory __results___files
50.8s 78 [NbConvertApp] Making directory __results___files
50.8s 79 [NbConvertApp] Making directory __results___files
50.8s 80 [NbConvertApp] Making directory __results___files
50.8s 81 [NbConvertApp] Making directory __results___files
50.8s 82 [NbConvertApp] Making directory __results___files
50.8s 83 [NbConvertApp] Making directory __results___files
50.8s 84 [NbConvertApp] Making directory __results___files
50.8s 85 [NbConvertApp] Making directory __results___files
50.8s 86 [NbConvertApp] Making directory __results___files
50.8s 87 [NbConvertApp] Making directory __results___files
50.8s 88 [NbConvertApp] Making directory __results___files
50.8s 89 [NbConvertApp] Making directory __results___files
50.8s 90 [NbConvertApp] Making directory __results___files
50.8s 91 [NbConvertApp] Making directory __results___files
50.8s 92 [NbConvertApp] Making directory __results___files
50.8s 93 [NbConvertApp] Making directory __results___files
50.8s 94 [NbConvertApp] Making directory __results___files
50.8s 95 [NbConvertApp] Making directory __results___files
50.8s 96 [NbConvertApp] Making directory __results___files
50.8s 97 [NbConvertApp] Making directory __results___files
50.8s 98 [NbConvertApp] Making directory __results___files
50.8s 99 [NbConvertApp] Making directory __results___files
50.8s 100 [NbConvertApp] Making directory __results___files
50.8s 101 [NbConvertApp] Making directory __results___files
50.8s 102 [NbConvertApp] Making directory __results___files
50.8s 103 [NbConvertApp] Making directory __results___files
50.8s 104 [NbConvertApp] Making directory __results___files
50.8s 105 [NbConvertApp] Making directory __results___files
50.8s 106 [NbConvertApp] Making directory __results___files
50.8s 107 [NbConvertApp] Making directory __results___files
50.8s 108 [NbConvertApp] Making directory __results___files
50.8s 109 [NbConvertApp] Making directory __results___files
50.8s 110 [NbConvertApp] Making directory __results___files
50.8s 111 [NbConvertApp] Making directory __results___files
50.8s 112 [NbConvertApp] Making directory __results___files
50.8s 113 [NbConvertApp] Making directory __results___files
50.8s 114 [NbConvertApp] Making directory __results___files
50.8s 115 [NbConvertApp] Making directory __results___files
50.8s 116 [NbConvertApp] Making directory __results___files
50.8s 117 [NbConvertApp] Making directory __results___files
50.8s 118 [NbConvertApp] Making directory __results___files
50.8s 119 [NbConvertApp] Making directory __results___files
50.8s 120 [NbConvertApp] Making directory __results___files
50.8s 121 [NbConvertApp] Making directory __results___files
50.8s 122 [NbConvertApp] Making directory __results___files
50.8s 123 [NbConvertApp] Making directory __results___files
50.8s 124 [NbConvertApp] Making directory __results___files
50.8s 125 [NbConvertApp] Making directory __results___files
50.8s 126 [NbConvertApp] Making directory __results___files
50.8s 127 [NbConvertApp] Making directory __results___files
50.8s 128 [NbConvertApp] Making directory __results___files
50.8s 129 [NbConvertApp] Making directory __results___files
50.8s 130 [NbConvertApp] Making directory __results___files
50.8s 131 [NbConvertApp] Making directory __results___files
50.8s 132 [NbConvertApp] Making directory __results___files
50.8s 133 [NbConvertApp] Making directory __results___files
50.8s 134 [NbConvertApp] Making directory __results___files
50.8s 135 [NbConvertApp] Making directory __results___files
50.8s 136 [NbConvertApp] Making directory __results___files
50.8s 137 [NbConvertApp] Making directory __results___files
50.8s 138 [NbConvertApp] Making directory __results___files
50.8s 139 [NbConvertApp] Making directory __results___files
50.8s 140 [NbConvertApp] Making directory __results___files
50.8s 141 [NbConvertApp] Making directory __results___files
50.8s 142 [NbConvertApp] Making directory __results___files
50.8s 143 [NbConvertApp] Making directory __results___files
50.8s 144 [NbConvertApp] Making directory __results___files
50.8s 145 [NbConvertApp] Making directory __results___files
50.8s 146 [NbConvertApp] Making directory __results___files
50.8s 147 [NbConvertApp] Making directory __results___files
50.8s 148 [NbConvertApp] Making directory __results___files
50.8s 149 [NbConvertApp] Making directory __results___files
50.8s 150 [NbConvertApp] Making directory __results___files
50.8s 151 [NbConvertApp] Making directory __results___files
50.8s 152 [NbConvertApp] Making directory __results___files
50.8s 153 [NbConvertApp] Making directory __results___files
50.8s 154 [NbConvertApp] Making directory __results___files
50.8s 155 [NbConvertApp] Making directory __results___files
50.8s 156 [NbConvertApp] Making directory __results___files
50.8s 157 [NbConvertApp] Making directory __results___files
50.8s 158 [NbConvertApp] Making directory __results___files
50.8s 159 [NbConvertApp] Making directory __results___files
50.8s 160 [NbConvertApp] Making directory __results___files
50.8s 161 [NbConvertApp] Making directory __results___files
50.8s 162 [NbConvertApp] Making directory __results___files
50.8s 163 [NbConvertApp] Making directory __results___files
50.8s 164 [NbConvertApp] Making directory __results___files
50.8s 165 [NbConvertApp] Making directory __results___files
50.8s 166 [NbConvertApp] Making directory __results___files
50.8s 167 [NbConvertApp] Making directory __results___files
50.8s 168 [NbConvertApp] Making directory __results___files
50.8s 169 [NbConvertApp] Making directory __results___files
50.8s 170 [NbConvertApp] Making directory __results___files
50.8s 171 [NbConvertApp] Making directory __results___files
50.8s 172 [NbConvertApp] Making directory __results___files
50.8s 173 [NbConvertApp] Making directory __results___files
50.8s 174 [NbConvertApp] Making directory __results___files
50.8s 175 [NbConvertApp] Making directory __results___files
50.8s 176 [NbConvertApp] Making directory __results___files
50.8s 177 [NbConvertApp] Making directory __results___files
50.8s 178 [NbConvertApp] Making directory __results___files
50.8s 179 [NbConvertApp] Making directory __results___files
50.8s 180 [NbConvertApp] Making directory __results___files
50.8s 181 [NbConvertApp] Making directory __results___files
50.8s 182 [NbConvertApp] Making directory __results___files
50.8s 183 [NbConvertApp] Making directory __results___files
50.8s 184 [NbConvertApp] Making directory __results___files
50.8s 185 [NbConvertApp] Making directory __results___files
50.8s 186 [NbConvertApp] Making directory __results___files
50.8s 187 [NbConvertApp] Making directory __results___files
50.8s 188 [NbConvertApp] Making directory __results___files
50.8s 189 [NbConvertApp] Making directory __results___files
50.8s 190 [NbConvertApp] Making directory __results___files
50.8s 191 [NbConvertApp] Making directory __results___files
50.8s 192 [NbConvertApp] Making directory __results___files
50.8s 193 [NbConvertApp] Making directory __results___files
50.8s 194 [NbConvertApp] Making directory __results___files
50.8s 195 [NbConvertApp] Making directory __results___files
50.8s 196 [NbConvertApp] Making directory __results___files
50.8s 197 [NbConvertApp] Making directory __results___files
50.8s 198 [NbConvertApp] Making directory __results___files
50.8s 199 [NbConvertApp] Making directory __results___files
50.8s 200 [NbConvertApp] Making directory __results___files
50.8s 201 [NbConvertApp] Making directory __results___files
50.8s 202 [NbConvertApp] Making directory __results___files
50.8s 203 [NbConvertApp] Writing 445128 bytes to __results__.html